TN:
SF:src/auth/auth.controller.ts
FN:8,(anonymous_1)
FNF:1
FNH:1
FNDA:2,(anonymous_1)
DA:2,1
DA:3,1
DA:4,1
DA:6,1
DA:8,1
DA:9,2
DA:11,2
DA:12,2
DA:13,1
DA:14,1
DA:16,1
DA:17,1
LF:12
LH:12
BRDA:6,0,0,1
BRDA:6,0,1,1
BRDA:12,1,0,1
BRF:3
BRH:3
end_of_record
TN:
SF:src/auth/auth.middleware.ts
FN:4,(anonymous_1)
FNF:1
FNH:1
FNDA:3,(anonymous_1)
DA:2,1
DA:4,1
DA:5,3
DA:6,3
DA:8,2
DA:9,2
DA:10,2
DA:11,1
DA:12,1
DA:14,1
LF:10
LH:10
BRDA:6,0,0,1
BRF:1
BRH:1
end_of_record
TN:
SF:src/controllers/hello.controller.ts
FN:6,(anonymous_0)
FNF:1
FNH:1
FNDA:2,(anonymous_0)
DA:6,2
DA:7,2
LF:2
LH:2
BRF:0
BRH:0
end_of_record
TN:
SF:src/controllers/user.controller.ts
FN:6,(anonymous_0)
FNF:1
FNH:1
FNDA:3,(anonymous_0)
DA:2,2
DA:3,2
DA:4,2
DA:6,2
DA:7,3
DA:8,2
DA:9,1
DA:11,1
DA:13,1
DA:15,0
DA:18,1
LF:11
LH:10
BRDA:8,0,0,1
BRF:1
BRH:1
end_of_record
TN:
SF:src/middlewares/errorHandler.ts
FN:9,(anonymous_1)
FNF:1
FNH:1
FNDA:3,(anonymous_1)
DA:2,1
DA:3,1
DA:9,1
DA:16,3
DA:17,1
DA:23,3
DA:24,3
DA:26,3
DA:28,3
LF:9
LH:9
BRDA:16,0,0,1
BRDA:23,1,0,3
BRDA:23,1,1,2
BRDA:24,2,0,3
BRDA:24,2,1,1
BRDA:31,3,0,0
BRDA:31,3,1,3
BRF:7
BRH:6
end_of_record
TN:
SF:src/middlewares/requestLogger.ts
FN:4,(anonymous_1)
FNF:1
FNH:1
FNDA:2,(anonymous_1)
DA:2,1
DA:4,1
DA:5,2
DA:6,2
LF:4
LH:4
BRF:0
BRH:0
end_of_record
TN:
SF:src/middlewares/responseHandler.ts
FN:27,(anonymous_0)
FN:28,(anonymous_1)
FN:32,(anonymous_2)
FNF:3
FNH:1
FNDA:2,(anonymous_0)
FNDA:0,(anonymous_1)
FNDA:0,(anonymous_2)
DA:6,1
DA:27,1
DA:28,2
DA:29,0
DA:32,2
DA:33,0
DA:36,2
DA:39,1
LF:8
LH:6
BRDA:28,0,0,0
BRDA:32,1,0,0
BRF:2
BRH:0
end_of_record
TN:
SF:src/middlewares/validate.ts
FN:4,(anonymous_0)
FNF:1
FNH:1
FNDA:2,(anonymous_0)
DA:2,1
DA:4,1
DA:5,2
DA:6,2
DA:7,1
DA:8,1
DA:10,1
LF:7
LH:7
BRDA:6,0,0,1
BRF:1
BRH:1
end_of_record
TN:
SF:src/routes/hello.routes.ts
FNF:0
FNH:0
DA:1,1
DA:2,1
DA:4,1
DA:24,1
DA:26,1
LF:5
LH:5
BRF:0
BRH:0
end_of_record
TN:
SF:src/routes/user.routes.ts
FNF:0
FNH:0
DA:1,1
DA:2,1
DA:4,1
DA:35,1
DA:37,1
LF:5
LH:5
BRF:0
BRH:0
end_of_record
TN:
SF:src/services/user.service.ts
FN:19,(anonymous_0)
FN:20,(anonymous_1)
FN:24,(anonymous_2)
FN:28,(anonymous_3)
FNF:4
FNH:4
FNDA:1,(anonymous_0)
FNDA:2,(anonymous_1)
FNDA:4,(anonymous_2)
FNDA:7,(anonymous_3)
DA:3,3
DA:19,3
DA:20,2
DA:24,3
DA:28,7
DA:29,4
DA:31,1
DA:32,1
LF:8
LH:8
BRDA:28,0,0,7
BRDA:28,0,1,2
BRDA:29,1,0,3
BRF:3
BRH:3
end_of_record
TN:
SF:src/utils/AppError.ts
FN:4,(anonymous_0)
FNF:1
FNH:1
FNDA:5,(anonymous_0)
DA:1,4
DA:5,5
DA:6,5
DA:7,5
DA:8,5
LF:5
LH:5
BRDA:4,0,0,2
BRF:1
BRH:1
end_of_record
TN:
SF:src/utils/logger.ts
FNF:0
FNH:0
DA:1,3
DA:3,3
DA:12,3
LF:3
LH:3
BRF:0
BRH:0
end_of_record
TN:
SF:src/utils/response.ts
FN:10,successResponse
FN:18,errorResponse
FNF:2
FNH:2
FNDA:3,successResponse
FNDA:3,errorResponse
DA:10,4
DA:11,3
DA:18,4
DA:19,3
LF:4
LH:4
BRDA:14,0,0,3
BRDA:14,0,1,1
BRF:2
BRH:2
end_of_record
TN:
SF:src/utils/swagger.ts
FNF:0
FNH:0
DA:1,1
DA:5,1
DA:22,1
DA:23,1
LF:4
LH:4
BRF:0
BRH:0
end_of_record
TN:
SF:src/validators/user.validator.ts
FNF:0
FNH:0
DA:1,1
DA:3,1
LF:2
LH:2
BRF:0
BRH:0
end_of_record
